<?xml version="1.0" encoding="UTF-8"?>
<!-- Generated by org.testng.reporters.JUnitReportReporter -->
<testsuite hostname="Bharti-Rani" failures="0" tests="1" name="test.cases.SurveyDistribution" time="2.216" errors="0" timestamp="14 Feb 2020 13:47:06 GMT" skipped="0">
  <testcase classname="test.cases.SurveyDistribution" name="checkDistribution" time="2.216"/>
</testsuite> <!-- test.cases.SurveyDistribution -->
