<?xml version="1.0" encoding="UTF-8"?>
<!-- Generated by org.testng.reporters.JUnitReportReporter -->
<testsuite hostname="Bharti-Rani" failures="0" tests="1" name="test.cases.CreateNewSurvey" time="41.853" errors="0" timestamp="14 Feb 2020 13:47:06 GMT" skipped="0">
  <testcase classname="test.cases.CreateNewSurvey" name="verifycreatenewsurvey" time="41.853"/>
</testsuite> <!-- test.cases.CreateNewSurvey -->
