<?xml version="1.0" encoding="UTF-8"?>
<!-- Generated by org.testng.reporters.JUnitReportReporter -->
<testsuite hostname="Bharti-Rani" failures="0" tests="1" name="test.cases.CreateSurvey" time="23.474" errors="0" timestamp="2019-12-26T16:51:57 IST" skipped="0">
  <testcase classname="test.cases.CreateSurvey" name="verifycreatenewsurvey" time="23.474"/>
</testsuite> <!-- test.cases.CreateSurvey -->
