<?xml version="1.0" encoding="UTF-8"?>
<!-- Generated by org.testng.reporters.JUnitReportReporter -->
<testsuite hostname="Bharti-Rani" failures="0" tests="1" name="test.cases.CreateNewSurvey" time="25.702" errors="0" timestamp="02 Jan 2020 14:55:45 GMT" skipped="0">
  <testcase classname="test.cases.CreateNewSurvey" name="verifycreatenewsurvey" time="25.702"/>
</testsuite> <!-- test.cases.CreateNewSurvey -->
