<?xml version="1.0" encoding="UTF-8"?>
<!-- Generated by org.testng.reporters.JUnitReportReporter -->
<testsuite hostname="Bharti-Rani" failures="0" tests="1" name="test.cases.AddSurveyQuestion" time="80.801" errors="0" timestamp="02 Jan 2020 11:53:51 GMT" skipped="0">
  <testcase classname="test.cases.AddSurveyQuestion" name="addQuestion" time="80.801"/>
</testsuite> <!-- test.cases.AddSurveyQuestion -->
