<?xml version="1.0" encoding="UTF-8"?>
<!-- Generated by org.testng.reporters.JUnitReportReporter -->
<testsuite hostname="Bharti-Rani" failures="0" tests="1" name="test.cases.CreateNewSurvey" time="27.020" errors="0" timestamp="2019-12-27T12:16:18 IST" skipped="0">
  <testcase classname="test.cases.CreateNewSurvey" name="verifycreatenewsurvey" time="27.020"/>
</testsuite> <!-- test.cases.CreateNewSurvey -->
