<?xml version="1.0" encoding="UTF-8"?>
<!-- Generated by org.testng.reporters.JUnitReportReporter -->
<testsuite hostname="Bharti-Rani" failures="0" tests="1" name="test.cases.AddSurveyQuestion" time="25.933" errors="0" timestamp="27 Dec 2019 13:29:58 GMT" skipped="0">
  <testcase classname="test.cases.AddSurveyQuestion" name="addquestion" time="25.933"/>
</testsuite> <!-- test.cases.AddSurveyQuestion -->
