<?xml version="1.0" encoding="UTF-8"?>
<!-- Generated by org.testng.reporters.JUnitReportReporter -->
<testsuite hostname="Bharti-Rani" failures="0" tests="1" name="test.cases.CreateSurvey" time="25.709" errors="0" timestamp="2019-12-26T15:20:51 IST" skipped="0">
  <testcase classname="test.cases.CreateSurvey" name="verifycreatenewsurvey" time="25.709"/>
</testsuite> <!-- test.cases.CreateSurvey -->
